<?xml version="1.0" encoding="UTF-8"?>
<!-- Generated by org.testng.reporters.JUnitXMLReporter -->
<testsuite ignored="5" hostname="LAPTOP-SK3D42E8" failures="1" tests="1" name="Default test" time="17.448" errors="0" timestamp="2024-12-30T08:31:27 SAST">
  <testcase classname="com.BankingApp.TestCases.OpenAccountTestCases" name="openAccountWithoutCurrency" time="15.645">
    <failure type="org.openqa.selenium.NoSuchElementException" message="Cannot locate option with text: bbb
For documentation on this error, please visit: https://www.selenium.dev/documentation/webdriver/troubleshooting/errors#no-such-element-exception
Build info: version: &amp;apos;4.27.0&amp;apos;, revision: &amp;apos;d6e718d134&amp;apos;
System info: os.name: &amp;apos;Windows 11&amp;apos;, os.arch: &amp;apos;amd64&amp;apos;, os.version: &amp;apos;10.0&amp;apos;, java.version: &amp;apos;23.0.1&amp;apos;
Driver info: driver.version: unknown">
      <![CDATA[org.openqa.selenium.NoSuchElementException: Cannot locate option with text: bbb
For documentation on this error, please visit: https://www.selenium.dev/documentation/webdriver/troubleshooting/errors#no-such-element-exception
Build info: version: '4.27.0', revision: 'd6e718d134'
System info: os.name: 'Windows 11', os.arch: 'amd64', os.version: '10.0', java.version: '23.0.1'
Driver info: driver.version: unknown
at org.openqa.selenium.support.ui.Select.selectByVisibleText(Select.java:167)
at com.BankingApp.ActionDriver.Action.select(Action.java:82)
at com.BankingApp.POM.OpenAccountPage.selectCurrency(OpenAccountPage.java:30)
at com.BankingApp.TestCases.OpenAccountTestCases.openAccountWithoutCurrency(OpenAccountTestCases.java:124)
at java.base/jdk.internal.reflect.DirectMethodHandleAccessor.invoke(DirectMethodHandleAccessor.java:103)
at java.base/java.lang.reflect.Method.invoke(Method.java:580)
at org.testng.internal.MethodInvocationHelper.invokeMethod(MethodInvocationHelper.java:133)
at org.testng.internal.TestInvoker.invokeMethod(TestInvoker.java:598)
at org.testng.internal.TestInvoker.invokeTestMethod(TestInvoker.java:173)
at org.testng.internal.MethodRunner.runInSequence(MethodRunner.java:46)
at org.testng.internal.TestInvoker$MethodInvocationAgent.invoke(TestInvoker.java:824)
at org.testng.internal.TestInvoker.invokeTestMethods(TestInvoker.java:146)
at org.testng.internal.TestMethodWorker.invokeTestMethods(TestMethodWorker.java:146)
at org.testng.internal.TestMethodWorker.run(TestMethodWorker.java:128)
at java.base/java.util.ArrayList.forEach(ArrayList.java:1597)
at org.testng.TestRunner.privateRun(TestRunner.java:794)
at org.testng.TestRunner.run(TestRunner.java:596)
at org.testng.SuiteRunner.runTest(SuiteRunner.java:377)
at org.testng.SuiteRunner.runSequentially(SuiteRunner.java:371)
at org.testng.SuiteRunner.privateRun(SuiteRunner.java:332)
at org.testng.SuiteRunner.run(SuiteRunner.java:276)
at org.testng.SuiteRunnerWorker.runSuite(SuiteRunnerWorker.java:53)
at org.testng.SuiteRunnerWorker.run(SuiteRunnerWorker.java:96)
at org.testng.TestNG.runSuitesSequentially(TestNG.java:1212)
at org.testng.TestNG.runSuitesLocally(TestNG.java:1134)
at org.testng.TestNG.runSuites(TestNG.java:1063)
at org.testng.TestNG.run(TestNG.java:1031)
at org.testng.remote.AbstractRemoteTestNG.run(AbstractRemoteTestNG.java:115)
at org.testng.remote.RemoteTestNG.initAndRun(RemoteTestNG.java:293)
at org.testng.remote.RemoteTestNG.main(RemoteTestNG.java:91)
]]>
    </failure>
  </testcase> <!-- openAccountWithoutCurrency -->
  <testcase classname="com.BankingApp.TestCases.OpenAccountTestCases" name="openNewPoundAccount" time="0.0">
    <ignored/>
  </testcase> <!-- openNewPoundAccount -->
  <testcase classname="com.BankingApp.TestCases.OpenAccountTestCases" name="openNewRupeeAccount" time="0.0">
    <ignored/>
  </testcase> <!-- openNewRupeeAccount -->
  <testcase classname="com.BankingApp.TestCases.OpenAccountTestCases" name="openAccountWithoutcustomerName" time="0.0">
    <ignored/>
  </testcase> <!-- openAccountWithoutcustomerName -->
  <testcase classname="com.BankingApp.TestCases.OpenAccountTestCases" name="openAccountWithoutCurrencyAndCustomerName" time="0.0">
    <ignored/>
  </testcase> <!-- openAccountWithoutCurrencyAndCustomerName -->
  <testcase classname="com.BankingApp.TestCases.OpenAccountTestCases" name="openNewDollarAccount" time="0.0">
    <ignored/>
  </testcase> <!-- openNewDollarAccount -->
</testsuite> <!-- Default test -->
