<?xml version="1.0" encoding="UTF-8"?>
<!-- Generated by org.testng.reporters.JUnitXMLReporter -->
<testsuite ignored="4" hostname="LAPTOP-SK3D42E8" failures="2" tests="2" name="Open Account Test Cases(failed)" time="1.32" errors="0" timestamp="2024-12-20T08:14:39 SAST">
  <testcase classname="com.BankingApp.TestCases.OpenAccountTestCases" name="openAccountWithoutCurrency" time="0.723">
    <failure type="java.lang.AssertionError" message="The following asserts failed:
	 Unexpected alert message was diplayed  expected [true] but found [false]">
      <![CDATA[java.lang.AssertionError: The following asserts failed:
 Unexpected alert message was diplayed  expected [true] but found [false]
at com.BankingApp.TestCases.OpenAccountTestCases.openAccountWithoutCurrency(OpenAccountTestCases.java:128)
at java.base/java.util.ArrayList.forEach(ArrayList.java:1597)
... Removed 27 stack frames]]>
    </failure>
  </testcase> <!-- openAccountWithoutCurrency -->
  <testcase classname="com.BankingApp.TestCases.OpenAccountTestCases" name="openAccountWithoutCurrencyAndCustomerName" time="0.361">
    <failure type="java.lang.AssertionError" message="The following asserts failed:
	 Unexpected alert message was diplayed  expected [true] but found [false]">
      <![CDATA[java.lang.AssertionError: The following asserts failed:
 Unexpected alert message was diplayed  expected [true] but found [false]
at com.BankingApp.TestCases.OpenAccountTestCases.openAccountWithoutCurrencyAndCustomerName(OpenAccountTestCases.java:142)
at java.base/java.util.ArrayList.forEach(ArrayList.java:1597)
... Removed 27 stack frames]]>
    </failure>
  </testcase> <!-- openAccountWithoutCurrencyAndCustomerName -->
  <testcase classname="com.BankingApp.TestCases.OpenAccountTestCases" name="openNewPoundAccount" time="0.0">
    <ignored/>
  </testcase> <!-- openNewPoundAccount -->
  <testcase classname="com.BankingApp.TestCases.OpenAccountTestCases" name="openNewRupeeAccount" time="0.0">
    <ignored/>
  </testcase> <!-- openNewRupeeAccount -->
  <testcase classname="com.BankingApp.TestCases.OpenAccountTestCases" name="openAccountWithoutcustomerName" time="0.0">
    <ignored/>
  </testcase> <!-- openAccountWithoutcustomerName -->
  <testcase classname="com.BankingApp.TestCases.OpenAccountTestCases" name="openNewDollarAccount" time="0.0">
    <ignored/>
  </testcase> <!-- openNewDollarAccount -->
</testsuite> <!-- Open Account Test Cases(failed) -->
