<!DOCTYPE html PUBLIC "-//W3C//DTD XHTML 1.1//EN" "https://www.w3.org/TR/xhtml11/DTD/xhtml11.dtd">
<html xmlns="https://www.w3.org/1999/xhtml">
<head>
<meta http-equiv="content-type" content="text/html; charset=UTF-8"/>
<title>TestNG Report</title>
<style type="text/css">table {margin-bottom:10px;border-collapse:collapse;empty-cells:show}th,td {border:1px solid #009;padding:.25em .5em}th {vertical-align:bottom}td {vertical-align:top}table a {font-weight:bold}.stripe td {background-color: #E6EBF9}.num {text-align:right}.passedodd td {background-color: #3F3}.passedeven td {background-color: #0A0}.skippedodd td {background-color: #DDD}.skippedeven td {background-color: #CCC}.failedodd td,.attn {background-color: #F33}.failedeven td,.stripe .attn {background-color: #D00}.stacktrace {white-space:pre;font-family:monospace}.totop {font-size:85%;text-align:center;border-bottom:2px solid #000}.invisible {display:none}</style>
</head>
<body>
<table>
<tr><th>Test</th><th># Passed</th><th># Skipped</th><th># Retried</th><th># Failed</th><th>Time (ms)</th><th>Included Groups</th><th>Excluded Groups</th></tr>
<tr><th colspan="8">Suite</th></tr>
<tr><td><a href="#t0">home Page Test Cases</a></td><td class="num">2</td><td class="num">0</td><td class="num">0</td><td class="num">0</td><td class="num">7,671</td><td></td><td></td></tr>
<tr class="stripe"><td><a href="#t1">Bank Manager Login Test Cases</a></td><td class="num">3</td><td class="num">0</td><td class="num">0</td><td class="num">0</td><td class="num">418</td><td></td><td></td></tr>
<tr><td><a href="#t2">Add Customer Test Cases</a></td><td class="num">5</td><td class="num">0</td><td class="num">0</td><td class="num attn">1</td><td class="num">3,464</td><td></td><td></td></tr>
<tr class="stripe"><td><a href="#t3">Open Account Test Cases</a></td><td class="num">5</td><td class="num">0</td><td class="num">0</td><td class="num attn">1</td><td class="num">1,587</td><td></td><td></td></tr>
<tr><td><a href="#t4">Customer List Test Cases</a></td><td class="num">2</td><td class="num">0</td><td class="num">0</td><td class="num">0</td><td class="num">3,675</td><td></td><td></td></tr>
<tr class="stripe"><td><a href="#t5">Customer Login Test Cases</a></td><td class="num">1</td><td class="num">0</td><td class="num">0</td><td class="num">0</td><td class="num">782</td><td></td><td></td></tr>
<tr><td><a href="#t6">Account Test Cases</a></td><td class="num">4</td><td class="num">0</td><td class="num">0</td><td class="num attn">1</td><td class="num">3,207</td><td></td><td></td></tr>
<tr><th>Total</th><th class="num">22</th><th class="num">0</th><th class="num">0</th><th class="num attn">3</th><th class="num">20,804</th><th colspan="2"></th></tr>
</table>
<table id='summary'><thead><tr><th>Class</th><th>Method</th><th>Start</th><th>Time (ms)</th></tr></thead><tbody><tr><th colspan="4">Suite</th></tr></tbody><tbody id="t0"><tr><th colspan="4">home Page Test Cases &#8212; passed</th></tr><tr class="passedeven"><td rowspan="2">com.BankingApp.TestCases.HomeTestCases</td><td><a href="#m0">verifyBankManagerLoginButton</a></td><td rowspan="1">1735542620474</td><td rowspan="1">3163</td></tr><tr class="passedeven"><td><a href="#m1">verifyCustomerLogin</a></td><td rowspan="1">1735542617143</td><td rowspan="1">3188</td></tr></tbody>
<tbody id="t1"><tr><th colspan="4">Bank Manager Login Test Cases &#8212; passed</th></tr><tr class="passedeven"><td rowspan="3">com.BankingApp.TestCases.BankManagerLoginTestCases</td><td><a href="#m2">verifyAddCustomerButton</a></td><td rowspan="1">1735542624199</td><td rowspan="1">87</td></tr><tr class="passedeven"><td><a href="#m3">verifyCustomersButton</a></td><td rowspan="1">1735542624373</td><td rowspan="1">90</td></tr><tr class="passedeven"><td><a href="#m4">verifyOpenAccountButton</a></td><td rowspan="1">1735542624289</td><td rowspan="1">81</td></tr></tbody>
<tbody id="t2"><tr><th colspan="4">Add Customer Test Cases &#8212; failed</th></tr><tr class="failedeven"><td rowspan="1">com.BankingApp.TestCases.AddCustomerTestCases</td><td><a href="#m5">VerifyBlankFields</a></td><td rowspan="1">1735542626703</td><td rowspan="1">498</td></tr><tr><th colspan="4">Add Customer Test Cases &#8212; passed</th></tr><tr class="passedeven"><td rowspan="5">com.BankingApp.TestCases.AddCustomerTestCases</td><td><a href="#m6">VerifyBlankFields</a></td><td rowspan="3">1735542625424</td><td rowspan="3">425</td></tr><tr class="passedeven"><td><a href="#m7">VerifyBlankFields</a></td></tr><tr class="passedeven"><td><a href="#m8">VerifyBlankFields</a></td></tr><tr class="passedeven"><td><a href="#m9">VerifyNameIsAdded</a></td><td rowspan="1">1735542627760</td><td rowspan="1">196</td></tr><tr class="passedeven"><td><a href="#m10">VerifyNewCustomer</a></td><td rowspan="1">1735542627382</td><td rowspan="1">369</td></tr></tbody>
<tbody id="t3"><tr><th colspan="4">Open Account Test Cases &#8212; failed</th></tr><tr class="failedeven"><td rowspan="1">com.BankingApp.TestCases.OpenAccountTestCases</td><td><a href="#m11">openAccountWithoutCurrency</a></td><td rowspan="1">1735542629121</td><td rowspan="1">183</td></tr><tr><th colspan="4">Open Account Test Cases &#8212; passed</th></tr><tr class="passedeven"><td rowspan="5">com.BankingApp.TestCases.OpenAccountTestCases</td><td><a href="#m12">openAccountWithoutCurrencyAndCustomerName</a></td><td rowspan="1">1735542629406</td><td rowspan="1">178</td></tr><tr class="passedeven"><td><a href="#m13">openAccountWithoutcustomerName</a></td><td rowspan="1">1735542628910</td><td rowspan="1">206</td></tr><tr class="passedeven"><td><a href="#m14">openNewDollarAccount</a></td><td rowspan="1">1735542628223</td><td rowspan="1">229</td></tr><tr class="passedeven"><td><a href="#m15">openNewPoundAccount</a></td><td rowspan="1">1735542628458</td><td rowspan="1">207</td></tr><tr class="passedeven"><td><a href="#m16">openNewRupeeAccount</a></td><td rowspan="1">1735542628670</td><td rowspan="1">232</td></tr></tbody>
<tbody id="t4"><tr><th colspan="4">Customer List Test Cases &#8212; passed</th></tr><tr class="passedeven"><td rowspan="2">com.BankingApp.TestCases.CustomersTestCases</td><td><a href="#m17">deleteCustomer</a></td><td rowspan="1">1735542629907</td><td rowspan="1">3325</td></tr><tr class="passedeven"><td><a href="#m18">searchCustomer</a></td><td rowspan="1">1735542633235</td><td rowspan="1">113</td></tr></tbody>
<tbody id="t5"><tr><th colspan="4">Customer Login Test Cases &#8212; passed</th></tr><tr class="passedeven"><td rowspan="1">com.BankingApp.TestCases.CustomerLoginTestCases</td><td><a href="#m19">loginCustomerName</a></td><td rowspan="1">1735542633556</td><td rowspan="1">635</td></tr></tbody>
<tbody id="t6"><tr><th colspan="4">Account Test Cases &#8212; failed</th></tr><tr class="failedeven"><td rowspan="1">com.BankingApp.TestCases.AccountTestCases</td><td><a href="#m20">verifyWithdrawlAmountMoreThanBalance</a></td><td rowspan="1">1735542636868</td><td rowspan="1">209</td></tr><tr><th colspan="4">Account Test Cases &#8212; passed</th></tr><tr class="passedeven"><td rowspan="4">com.BankingApp.TestCases.AccountTestCases</td><td><a href="#m21">verifyAmountDepositedSuccessfully</a></td><td rowspan="1">1735542635223</td><td rowspan="1">255</td></tr><tr class="passedeven"><td><a href="#m22">verifyAmountwithdrawnSuccessfully</a></td><td rowspan="1">1735542637182</td><td rowspan="1">248</td></tr><tr class="passedeven"><td><a href="#m23">verifyDepositSuccessfulMessage</a></td><td rowspan="1">1735542634540</td><td rowspan="1">679</td></tr><tr class="passedeven"><td><a href="#m24">verifyWithdrawlSuccessfulMessage</a></td><td rowspan="1">1735542635480</td><td rowspan="1">1383</td></tr></tbody>
</table>
<h2>home Page Test Cases</h2><h3 id="m0">com.BankingApp.TestCases.HomeTestCases#verifyBankManagerLoginButton</h3><table class="result"><tr><th class="invisible"/></tr></table><p class="totop"><a href="#summary">back to summary</a></p>
<h3 id="m1">com.BankingApp.TestCases.HomeTestCases#verifyCustomerLogin</h3><table class="result"><tr><th class="invisible"/></tr></table><p class="totop"><a href="#summary">back to summary</a></p>
<h2>Bank Manager Login Test Cases</h2><h3 id="m2">com.BankingApp.TestCases.BankManagerLoginTestCases#verifyAddCustomerButton</h3><table class="result"><tr><th class="invisible"/></tr></table><p class="totop"><a href="#summary">back to summary</a></p>
<h3 id="m3">com.BankingApp.TestCases.BankManagerLoginTestCases#verifyCustomersButton</h3><table class="result"><tr><th class="invisible"/></tr></table><p class="totop"><a href="#summary">back to summary</a></p>
<h3 id="m4">com.BankingApp.TestCases.BankManagerLoginTestCases#verifyOpenAccountButton</h3><table class="result"><tr><th class="invisible"/></tr></table><p class="totop"><a href="#summary">back to summary</a></p>
<h2>Add Customer Test Cases</h2><h3 id="m5">com.BankingApp.TestCases.AddCustomerTestCases#VerifyBlankFields</h3><table class="result"><tr class="param"><th>Parameter #1</th><th>Parameter #2</th><th>Parameter #3</th></tr><tr class="param stripe"><td>Steve</td><td>Motsdhabi</td><td>123</td></tr><tr><th colspan="3">Exception</th></tr><tr><td colspan="3"><div class="stacktrace">java.lang.AssertionError: The following asserts failed:
	 Unexpected alert message was diplayed  expected [false] but found [true]
	at com.BankingApp.TestCases.AddCustomerTestCases.VerifyBlankFields(AddCustomerTestCases.java:58)
	at java.base/java.util.ArrayList.forEach(ArrayList.java:1597)
... Removed 27 stack frames</div></td></tr></table><p class="totop"><a href="#summary">back to summary</a></p>
<h3 id="m6">com.BankingApp.TestCases.AddCustomerTestCases#VerifyBlankFields</h3><table class="result"><tr class="param"><th>Parameter #1</th><th>Parameter #2</th><th>Parameter #3</th></tr><tr class="param stripe"><td>Steve</td><td></td><td>123</td></tr></table><p class="totop"><a href="#summary">back to summary</a></p>
<h3 id="m7">com.BankingApp.TestCases.AddCustomerTestCases#VerifyBlankFields</h3><table class="result"><tr class="param"><th>Parameter #1</th><th>Parameter #2</th><th>Parameter #3</th></tr><tr class="param stripe"><td>Steve</td><td>Motsdhabi</td><td></td></tr></table><p class="totop"><a href="#summary">back to summary</a></p>
<h3 id="m8">com.BankingApp.TestCases.AddCustomerTestCases#VerifyBlankFields</h3><table class="result"><tr class="param"><th>Parameter #1</th><th>Parameter #2</th><th>Parameter #3</th></tr><tr class="param stripe"><td></td><td>Motsdhabi</td><td>123</td></tr></table><p class="totop"><a href="#summary">back to summary</a></p>
<h3 id="m9">com.BankingApp.TestCases.AddCustomerTestCases#VerifyNameIsAdded</h3><table class="result"><tr><th class="invisible"/></tr></table><p class="totop"><a href="#summary">back to summary</a></p>
<h3 id="m10">com.BankingApp.TestCases.AddCustomerTestCases#VerifyNewCustomer</h3><table class="result"><tr><th class="invisible"/></tr></table><p class="totop"><a href="#summary">back to summary</a></p>
<h2>Open Account Test Cases</h2><h3 id="m11">com.BankingApp.TestCases.OpenAccountTestCases#openAccountWithoutCurrency</h3><table class="result"><tr><th>Exception</th></tr><tr><td><div class="stacktrace">org.openqa.selenium.UnhandledAlertException: unexpected alert open: {Alert text : Account created successfully with account Number :1019}
  (Session info: chrome=131.0.6778.205): Account created successfully with account Number :1019
Build info: version: &apos;4.27.0&apos;, revision: &apos;d6e718d134&apos;
System info: os.name: &apos;Windows 11&apos;, os.arch: &apos;amd64&apos;, os.version: &apos;10.0&apos;, java.version: &apos;23.0.1&apos;
Driver info: org.openqa.selenium.chrome.ChromeDriver
Command: [89e6c3a98a55de561b51f87f0e813a06, screenshot {}]
Capabilities {acceptInsecureCerts: false, browserName: chrome, browserVersion: 131.0.6778.205, chrome: {chromedriverVersion: 131.0.6778.204 (52183f9e99a..., userDataDir: C:\Users\NONTOB~1\AppData\L...}, fedcm:accounts: true, goog:chromeOptions: {debuggerAddress: localhost:51648}, networkConnectionEnabled: false, pageLoadStrategy: normal, platformName: windows, proxy: Proxy(), se:cdp: ws://localhost:51648/devtoo..., se:cdpVersion: 131.0.6778.205, setWindowRect: true, strictFileInteractability: false, timeouts: {implicit: 0, pageLoad: 300000, script: 30000}, unhandledPromptBehavior: dismiss and notify, webauthn:extension:credBlob: true, webauthn:extension:largeBlob: true, webauthn:extension:minPinLength: true, webauthn:extension:prf: true, webauthn:virtualAuthenticators: true}
Session ID: 89e6c3a98a55de561b51f87f0e813a06
	at org.openqa.selenium.remote.codec.w3c.W3CHttpResponseCodec.decode(W3CHttpResponseCodec.java:136)
	at org.openqa.selenium.remote.codec.w3c.W3CHttpResponseCodec.decode(W3CHttpResponseCodec.java:50)
	at org.openqa.selenium.remote.HttpCommandExecutor.execute(HttpCommandExecutor.java:190)
	at org.openqa.selenium.remote.service.DriverCommandExecutor.invokeExecute(DriverCommandExecutor.java:216)
	at org.openqa.selenium.remote.service.DriverCommandExecutor.execute(DriverCommandExecutor.java:174)
	at org.openqa.selenium.remote.RemoteWebDriver.execute(RemoteWebDriver.java:545)
	at org.openqa.selenium.remote.RemoteWebDriver.execute(RemoteWebDriver.java:618)
	at org.openqa.selenium.remote.RemoteWebDriver.execute(RemoteWebDriver.java:622)
	at org.openqa.selenium.remote.RemoteWebDriver.getScreenshotAs(RemoteWebDriver.java:334)
	at com.BankingApp.ActionDriver.Action.takeScreenshot(Action.java:217)
	at com.BankingApp.Listeners.Listeners.onTestFailure(Listeners.java:72)
	at java.base/java.util.ArrayList.forEach(ArrayList.java:1597)
... Removed 24 stack frames</div></td></tr></table><p class="totop"><a href="#summary">back to summary</a></p>
<h3 id="m12">com.BankingApp.TestCases.OpenAccountTestCases#openAccountWithoutCurrencyAndCustomerName</h3><table class="result"><tr><th class="invisible"/></tr></table><p class="totop"><a href="#summary">back to summary</a></p>
<h3 id="m13">com.BankingApp.TestCases.OpenAccountTestCases#openAccountWithoutcustomerName</h3><table class="result"><tr><th class="invisible"/></tr></table><p class="totop"><a href="#summary">back to summary</a></p>
<h3 id="m14">com.BankingApp.TestCases.OpenAccountTestCases#openNewDollarAccount</h3><table class="result"><tr><th class="invisible"/></tr></table><p class="totop"><a href="#summary">back to summary</a></p>
<h3 id="m15">com.BankingApp.TestCases.OpenAccountTestCases#openNewPoundAccount</h3><table class="result"><tr><th class="invisible"/></tr></table><p class="totop"><a href="#summary">back to summary</a></p>
<h3 id="m16">com.BankingApp.TestCases.OpenAccountTestCases#openNewRupeeAccount</h3><table class="result"><tr><th class="invisible"/></tr></table><p class="totop"><a href="#summary">back to summary</a></p>
<h2>Customer List Test Cases</h2><h3 id="m17">com.BankingApp.TestCases.CustomersTestCases#deleteCustomer</h3><table class="result"><tr><th class="invisible"/></tr></table><p class="totop"><a href="#summary">back to summary</a></p>
<h3 id="m18">com.BankingApp.TestCases.CustomersTestCases#searchCustomer</h3><table class="result"><tr><th class="invisible"/></tr></table><p class="totop"><a href="#summary">back to summary</a></p>
<h2>Customer Login Test Cases</h2><h3 id="m19">com.BankingApp.TestCases.CustomerLoginTestCases#loginCustomerName</h3><table class="result"><tr><th class="invisible"/></tr></table><p class="totop"><a href="#summary">back to summary</a></p>
<h2>Account Test Cases</h2><h3 id="m20">com.BankingApp.TestCases.AccountTestCases#verifyWithdrawlAmountMoreThanBalance</h3><table class="result"><tr><th>Exception</th></tr><tr><td><div class="stacktrace">java.lang.AssertionError: The following asserts failed:
	expected [Transaction Failed. You can not withdraw amount more than the balance.] but found [Transaction successful]
	at com.BankingApp.TestCases.AccountTestCases.verifyWithdrawlAmountMoreThanBalance(AccountTestCases.java:143)
	at java.base/java.util.ArrayList.forEach(ArrayList.java:1597)
... Removed 27 stack frames</div></td></tr></table><p class="totop"><a href="#summary">back to summary</a></p>
<h3 id="m21">com.BankingApp.TestCases.AccountTestCases#verifyAmountDepositedSuccessfully</h3><table class="result"><tr><th class="invisible"/></tr></table><p class="totop"><a href="#summary">back to summary</a></p>
<h3 id="m22">com.BankingApp.TestCases.AccountTestCases#verifyAmountwithdrawnSuccessfully</h3><table class="result"><tr><th class="invisible"/></tr></table><p class="totop"><a href="#summary">back to summary</a></p>
<h3 id="m23">com.BankingApp.TestCases.AccountTestCases#verifyDepositSuccessfulMessage</h3><table class="result"><tr><th class="invisible"/></tr></table><p class="totop"><a href="#summary">back to summary</a></p>
<h3 id="m24">com.BankingApp.TestCases.AccountTestCases#verifyWithdrawlSuccessfulMessage</h3><table class="result"><tr><th class="invisible"/></tr></table><p class="totop"><a href="#summary">back to summary</a></p>
</body>
</html>
