<?xml version="1.0" encoding="UTF-8"?>
<testng-results ignored="0" total="25" passed="22" failed="3" skipped="0">
  <reporter-output>
  </reporter-output>
  <suite started-at="2024-12-30T09:10:15 SAST" name="Suite" finished-at="2024-12-30T09:10:37 SAST" duration-ms="21462">
    <groups>
    </groups>
    <test started-at="2024-12-30T09:10:15 SAST" name="home Page Test Cases" finished-at="2024-12-30T09:10:23 SAST" duration-ms="7671">
      <class name="com.BankingApp.TestCases.HomeTestCases">
        <test-method is-config="true" signature="goToHomePage()[pri:0, instance:com.BankingApp.TestCases.HomeTestCases@906d29b]" started-at="2024-12-30T09:10:16 SAST" name="goToHomePage" finished-at="2024-12-30T09:10:17 SAST" duration-ms="1063" status="PASS">
          <reporter-output>
          </reporter-output>
        </test-method> <!-- goToHomePage -->
        <test-method signature="verifyCustomerLogin()[pri:0, instance:com.BankingApp.TestCases.HomeTestCases@906d29b]" started-at="2024-12-30T09:10:17 SAST" name="verifyCustomerLogin" finished-at="2024-12-30T09:10:20 SAST" duration-ms="3188" status="PASS">
          <reporter-output>
          </reporter-output>
        </test-method> <!-- verifyCustomerLogin -->
        <test-method is-config="true" signature="goToHomePage()[pri:0, instance:com.BankingApp.TestCases.HomeTestCases@906d29b]" started-at="2024-12-30T09:10:20 SAST" name="goToHomePage" finished-at="2024-12-30T09:10:20 SAST" duration-ms="114" status="PASS">
          <reporter-output>
          </reporter-output>
        </test-method> <!-- goToHomePage -->
        <test-method signature="verifyBankManagerLoginButton()[pri:1, instance:com.BankingApp.TestCases.HomeTestCases@906d29b]" started-at="2024-12-30T09:10:20 SAST" name="verifyBankManagerLoginButton" finished-at="2024-12-30T09:10:23 SAST" duration-ms="3163" status="PASS">
          <reporter-output>
          </reporter-output>
        </test-method> <!-- verifyBankManagerLoginButton -->
      </class> <!-- com.BankingApp.TestCases.HomeTestCases -->
    </test> <!-- home Page Test Cases -->
    <test started-at="2024-12-30T09:10:24 SAST" name="Bank Manager Login Test Cases" finished-at="2024-12-30T09:10:24 SAST" duration-ms="418">
      <class name="com.BankingApp.TestCases.BankManagerLoginTestCases">
        <test-method is-config="true" signature="bankManagerLogin()[pri:0, instance:com.BankingApp.TestCases.BankManagerLoginTestCases@373ebf74]" started-at="2024-12-30T09:10:24 SAST" name="bankManagerLogin" finished-at="2024-12-30T09:10:24 SAST" duration-ms="150" status="PASS">
          <reporter-output>
          </reporter-output>
        </test-method> <!-- bankManagerLogin -->
        <test-method signature="verifyAddCustomerButton()[pri:0, instance:com.BankingApp.TestCases.BankManagerLoginTestCases@373ebf74]" started-at="2024-12-30T09:10:24 SAST" name="verifyAddCustomerButton" finished-at="2024-12-30T09:10:24 SAST" duration-ms="87" status="PASS">
          <reporter-output>
          </reporter-output>
        </test-method> <!-- verifyAddCustomerButton -->
        <test-method signature="verifyOpenAccountButton()[pri:1, instance:com.BankingApp.TestCases.BankManagerLoginTestCases@373ebf74]" started-at="2024-12-30T09:10:24 SAST" name="verifyOpenAccountButton" finished-at="2024-12-30T09:10:24 SAST" duration-ms="81" status="PASS">
          <reporter-output>
          </reporter-output>
        </test-method> <!-- verifyOpenAccountButton -->
        <test-method signature="verifyCustomersButton()[pri:2, instance:com.BankingApp.TestCases.BankManagerLoginTestCases@373ebf74]" started-at="2024-12-30T09:10:24 SAST" name="verifyCustomersButton" finished-at="2024-12-30T09:10:24 SAST" duration-ms="90" status="PASS">
          <reporter-output>
          </reporter-output>
        </test-method> <!-- verifyCustomersButton -->
      </class> <!-- com.BankingApp.TestCases.BankManagerLoginTestCases -->
    </test> <!-- Bank Manager Login Test Cases -->
    <test started-at="2024-12-30T09:10:24 SAST" name="Add Customer Test Cases" finished-at="2024-12-30T09:10:27 SAST" duration-ms="3464">
      <class name="com.BankingApp.TestCases.AddCustomerTestCases">
        <test-method is-config="true" signature="goToAddCustomer()[pri:0, instance:com.BankingApp.TestCases.AddCustomerTestCases@626c44e7]" started-at="2024-12-30T09:10:24 SAST" name="goToAddCustomer" finished-at="2024-12-30T09:10:24 SAST" duration-ms="261" status="PASS">
          <reporter-output>
          </reporter-output>
        </test-method> <!-- goToAddCustomer -->
        <test-method signature="VerifyBlankFields(java.lang.String,java.lang.String,java.lang.String)[pri:0, instance:com.BankingApp.TestCases.AddCustomerTestCases@626c44e7]" started-at="2024-12-30T09:10:24 SAST" name="VerifyBlankFields" data-provider="CustomerDetails" finished-at="2024-12-30T09:10:25 SAST" duration-ms="643" status="PASS">
          <params>
            <param index="0">
              <value>
                <![CDATA[]]>
              </value>
            </param>
            <param index="1">
              <value>
                <![CDATA[Motsdhabi]]>
              </value>
            </param>
            <param index="2">
              <value>
                <![CDATA[123]]>
              </value>
            </param>
          </params>
          <reporter-output>
          </reporter-output>
        </test-method> <!-- VerifyBlankFields -->
        <test-method signature="VerifyBlankFields(java.lang.String,java.lang.String,java.lang.String)[pri:0, instance:com.BankingApp.TestCases.AddCustomerTestCases@626c44e7]" started-at="2024-12-30T09:10:25 SAST" name="VerifyBlankFields" data-provider="CustomerDetails" finished-at="2024-12-30T09:10:25 SAST" duration-ms="425" status="PASS">
          <params>
            <param index="0">
              <value>
                <![CDATA[Steve]]>
              </value>
            </param>
            <param index="1">
              <value>
                <![CDATA[]]>
              </value>
            </param>
            <param index="2">
              <value>
                <![CDATA[123]]>
              </value>
            </param>
          </params>
          <reporter-output>
          </reporter-output>
        </test-method> <!-- VerifyBlankFields -->
        <test-method signature="VerifyBlankFields(java.lang.String,java.lang.String,java.lang.String)[pri:0, instance:com.BankingApp.TestCases.AddCustomerTestCases@626c44e7]" started-at="2024-12-30T09:10:25 SAST" name="VerifyBlankFields" data-provider="CustomerDetails" finished-at="2024-12-30T09:10:26 SAST" duration-ms="838" status="PASS">
          <params>
            <param index="0">
              <value>
                <![CDATA[Steve]]>
              </value>
            </param>
            <param index="1">
              <value>
                <![CDATA[Motsdhabi]]>
              </value>
            </param>
            <param index="2">
              <value>
                <![CDATA[]]>
              </value>
            </param>
          </params>
          <reporter-output>
          </reporter-output>
        </test-method> <!-- VerifyBlankFields -->
        <test-method signature="VerifyBlankFields(java.lang.String,java.lang.String,java.lang.String)[pri:0, instance:com.BankingApp.TestCases.AddCustomerTestCases@626c44e7]" started-at="2024-12-30T09:10:26 SAST" name="VerifyBlankFields" data-provider="CustomerDetails" finished-at="2024-12-30T09:10:27 SAST" duration-ms="498" status="FAIL">
          <params>
            <param index="0">
              <value>
                <![CDATA[Steve]]>
              </value>
            </param>
            <param index="1">
              <value>
                <![CDATA[Motsdhabi]]>
              </value>
            </param>
            <param index="2">
              <value>
                <![CDATA[123]]>
              </value>
            </param>
          </params>
          <exception class="java.lang.AssertionError">
            <message>
              <![CDATA[The following asserts failed:
 Unexpected alert message was diplayed  expected [false] but found [true]]]>
            </message>
            <full-stacktrace>
              <![CDATA[java.lang.AssertionError: The following asserts failed:
 Unexpected alert message was diplayed  expected [false] but found [true]
at org.testng.asserts.SoftAssert.assertAll(SoftAssert.java:47)
at org.testng.asserts.SoftAssert.assertAll(SoftAssert.java:31)
at com.BankingApp.TestCases.AddCustomerTestCases.VerifyBlankFields(AddCustomerTestCases.java:58)
at java.base/jdk.internal.reflect.DirectMethodHandleAccessor.invoke(DirectMethodHandleAccessor.java:103)
at java.base/java.lang.reflect.Method.invoke(Method.java:580)
at org.testng.internal.MethodInvocationHelper.invokeMethod(MethodInvocationHelper.java:133)
at org.testng.internal.TestInvoker.invokeMethod(TestInvoker.java:598)
at org.testng.internal.TestInvoker.invokeTestMethod(TestInvoker.java:173)
at org.testng.internal.MethodRunner.runInSequence(MethodRunner.java:46)
at org.testng.internal.TestInvoker$MethodInvocationAgent.invoke(TestInvoker.java:824)
at org.testng.internal.TestInvoker.invokeTestMethods(TestInvoker.java:146)
at org.testng.internal.TestMethodWorker.invokeTestMethods(TestMethodWorker.java:146)
at org.testng.internal.TestMethodWorker.run(TestMethodWorker.java:128)
at java.base/java.util.ArrayList.forEach(ArrayList.java:1597)
at org.testng.TestRunner.privateRun(TestRunner.java:794)
at org.testng.TestRunner.run(TestRunner.java:596)
at org.testng.SuiteRunner.runTest(SuiteRunner.java:377)
at org.testng.SuiteRunner.runSequentially(SuiteRunner.java:371)
at org.testng.SuiteRunner.privateRun(SuiteRunner.java:332)
at org.testng.SuiteRunner.run(SuiteRunner.java:276)
at org.testng.SuiteRunnerWorker.runSuite(SuiteRunnerWorker.java:53)
at org.testng.SuiteRunnerWorker.run(SuiteRunnerWorker.java:96)
at org.testng.TestNG.runSuitesSequentially(TestNG.java:1212)
at org.testng.TestNG.runSuitesLocally(TestNG.java:1134)
at org.testng.TestNG.runSuites(TestNG.java:1063)
at org.testng.TestNG.run(TestNG.java:1031)
at org.testng.remote.AbstractRemoteTestNG.run(AbstractRemoteTestNG.java:115)
at org.testng.remote.RemoteTestNG.initAndRun(RemoteTestNG.java:293)
at org.testng.remote.RemoteTestNG.main(RemoteTestNG.java:91)
]]>
            </full-stacktrace>
          </exception> <!-- java.lang.AssertionError -->
          <reporter-output>
          </reporter-output>
        </test-method> <!-- VerifyBlankFields -->
        <test-method signature="VerifyNewCustomer()[pri:1, instance:com.BankingApp.TestCases.AddCustomerTestCases@626c44e7]" started-at="2024-12-30T09:10:27 SAST" name="VerifyNewCustomer" finished-at="2024-12-30T09:10:27 SAST" duration-ms="369" status="PASS">
          <reporter-output>
          </reporter-output>
        </test-method> <!-- VerifyNewCustomer -->
        <test-method signature="VerifyNameIsAdded()[pri:2, instance:com.BankingApp.TestCases.AddCustomerTestCases@626c44e7]" started-at="2024-12-30T09:10:27 SAST" name="VerifyNameIsAdded" finished-at="2024-12-30T09:10:27 SAST" duration-ms="196" status="PASS">
          <reporter-output>
          </reporter-output>
        </test-method> <!-- VerifyNameIsAdded -->
      </class> <!-- com.BankingApp.TestCases.AddCustomerTestCases -->
    </test> <!-- Add Customer Test Cases -->
    <test started-at="2024-12-30T09:10:28 SAST" name="Open Account Test Cases" finished-at="2024-12-30T09:10:29 SAST" duration-ms="1587">
      <class name="com.BankingApp.TestCases.OpenAccountTestCases">
        <test-method is-config="true" signature="gotToOpenAccountPage()[pri:0, instance:com.BankingApp.TestCases.OpenAccountTestCases@fade1fc]" started-at="2024-12-30T09:10:28 SAST" name="gotToOpenAccountPage" finished-at="2024-12-30T09:10:28 SAST" duration-ms="217" status="PASS">
          <reporter-output>
          </reporter-output>
        </test-method> <!-- gotToOpenAccountPage -->
        <test-method signature="openNewDollarAccount()[pri:0, instance:com.BankingApp.TestCases.OpenAccountTestCases@fade1fc]" started-at="2024-12-30T09:10:28 SAST" name="openNewDollarAccount" finished-at="2024-12-30T09:10:28 SAST" duration-ms="229" status="PASS">
          <reporter-output>
          </reporter-output>
        </test-method> <!-- openNewDollarAccount -->
        <test-method signature="openNewPoundAccount()[pri:1, instance:com.BankingApp.TestCases.OpenAccountTestCases@fade1fc]" started-at="2024-12-30T09:10:28 SAST" name="openNewPoundAccount" finished-at="2024-12-30T09:10:28 SAST" duration-ms="207" status="PASS">
          <reporter-output>
          </reporter-output>
        </test-method> <!-- openNewPoundAccount -->
        <test-method signature="openNewRupeeAccount()[pri:2, instance:com.BankingApp.TestCases.OpenAccountTestCases@fade1fc]" started-at="2024-12-30T09:10:28 SAST" name="openNewRupeeAccount" finished-at="2024-12-30T09:10:28 SAST" duration-ms="232" status="PASS">
          <reporter-output>
          </reporter-output>
        </test-method> <!-- openNewRupeeAccount -->
        <test-method signature="openAccountWithoutcustomerName()[pri:3, instance:com.BankingApp.TestCases.OpenAccountTestCases@fade1fc]" started-at="2024-12-30T09:10:28 SAST" name="openAccountWithoutcustomerName" finished-at="2024-12-30T09:10:29 SAST" duration-ms="206" status="PASS">
          <reporter-output>
          </reporter-output>
        </test-method> <!-- openAccountWithoutcustomerName -->
        <test-method signature="openAccountWithoutCurrency()[pri:4, instance:com.BankingApp.TestCases.OpenAccountTestCases@fade1fc]" started-at="2024-12-30T09:10:29 SAST" name="openAccountWithoutCurrency" finished-at="2024-12-30T09:10:29 SAST" duration-ms="183" status="FAIL">
          <exception class="org.openqa.selenium.UnhandledAlertException">
            <message>
              <![CDATA[unexpected alert open: {Alert text : Account created successfully with account Number :1019}
  (Session info: chrome=131.0.6778.205): Account created successfully with account Number :1019
Build info: version: '4.27.0', revision: 'd6e718d134'
System info: os.name: 'Windows 11', os.arch: 'amd64', os.version: '10.0', java.version: '23.0.1'
Driver info: org.openqa.selenium.chrome.ChromeDriver
Command: [89e6c3a98a55de561b51f87f0e813a06, screenshot {}]
Capabilities {acceptInsecureCerts: false, browserName: chrome, browserVersion: 131.0.6778.205, chrome: {chromedriverVersion: 131.0.6778.204 (52183f9e99a..., userDataDir: C:\Users\NONTOB~1\AppData\L...}, fedcm:accounts: true, goog:chromeOptions: {debuggerAddress: localhost:51648}, networkConnectionEnabled: false, pageLoadStrategy: normal, platformName: windows, proxy: Proxy(), se:cdp: ws://localhost:51648/devtoo..., se:cdpVersion: 131.0.6778.205, setWindowRect: true, strictFileInteractability: false, timeouts: {implicit: 0, pageLoad: 300000, script: 30000}, unhandledPromptBehavior: dismiss and notify, webauthn:extension:credBlob: true, webauthn:extension:largeBlob: true, webauthn:extension:minPinLength: true, webauthn:extension:prf: true, webauthn:virtualAuthenticators: true}
Session ID: 89e6c3a98a55de561b51f87f0e813a06]]>
            </message>
            <full-stacktrace>
              <![CDATA[org.openqa.selenium.UnhandledAlertException: unexpected alert open: {Alert text : Account created successfully with account Number :1019}
  (Session info: chrome=131.0.6778.205): Account created successfully with account Number :1019
Build info: version: '4.27.0', revision: 'd6e718d134'
System info: os.name: 'Windows 11', os.arch: 'amd64', os.version: '10.0', java.version: '23.0.1'
Driver info: org.openqa.selenium.chrome.ChromeDriver
Command: [89e6c3a98a55de561b51f87f0e813a06, screenshot {}]
Capabilities {acceptInsecureCerts: false, browserName: chrome, browserVersion: 131.0.6778.205, chrome: {chromedriverVersion: 131.0.6778.204 (52183f9e99a..., userDataDir: C:\Users\NONTOB~1\AppData\L...}, fedcm:accounts: true, goog:chromeOptions: {debuggerAddress: localhost:51648}, networkConnectionEnabled: false, pageLoadStrategy: normal, platformName: windows, proxy: Proxy(), se:cdp: ws://localhost:51648/devtoo..., se:cdpVersion: 131.0.6778.205, setWindowRect: true, strictFileInteractability: false, timeouts: {implicit: 0, pageLoad: 300000, script: 30000}, unhandledPromptBehavior: dismiss and notify, webauthn:extension:credBlob: true, webauthn:extension:largeBlob: true, webauthn:extension:minPinLength: true, webauthn:extension:prf: true, webauthn:virtualAuthenticators: true}
Session ID: 89e6c3a98a55de561b51f87f0e813a06
at org.openqa.selenium.remote.codec.w3c.W3CHttpResponseCodec.decode(W3CHttpResponseCodec.java:136)
at org.openqa.selenium.remote.codec.w3c.W3CHttpResponseCodec.decode(W3CHttpResponseCodec.java:50)
at org.openqa.selenium.remote.HttpCommandExecutor.execute(HttpCommandExecutor.java:190)
at org.openqa.selenium.remote.service.DriverCommandExecutor.invokeExecute(DriverCommandExecutor.java:216)
at org.openqa.selenium.remote.service.DriverCommandExecutor.execute(DriverCommandExecutor.java:174)
at org.openqa.selenium.remote.RemoteWebDriver.execute(RemoteWebDriver.java:545)
at org.openqa.selenium.remote.RemoteWebDriver.execute(RemoteWebDriver.java:618)
at org.openqa.selenium.remote.RemoteWebDriver.execute(RemoteWebDriver.java:622)
at org.openqa.selenium.remote.RemoteWebDriver.getScreenshotAs(RemoteWebDriver.java:334)
at com.BankingApp.ActionDriver.Action.takeScreenshot(Action.java:217)
at com.BankingApp.Listeners.Listeners.onTestFailure(Listeners.java:72)
at org.testng.internal.TestListenerHelper.runTestListeners(TestListenerHelper.java:96)
at org.testng.internal.TestInvoker.runTestResultListener(TestInvoker.java:219)
at org.testng.internal.TestInvoker.invokeMethod(TestInvoker.java:656)
at org.testng.internal.TestInvoker.invokeTestMethod(TestInvoker.java:173)
at org.testng.internal.MethodRunner.runInSequence(MethodRunner.java:46)
at org.testng.internal.TestInvoker$MethodInvocationAgent.invoke(TestInvoker.java:824)
at org.testng.internal.TestInvoker.invokeTestMethods(TestInvoker.java:146)
at org.testng.internal.TestMethodWorker.invokeTestMethods(TestMethodWorker.java:146)
at org.testng.internal.TestMethodWorker.run(TestMethodWorker.java:128)
at java.base/java.util.ArrayList.forEach(ArrayList.java:1597)
at org.testng.TestRunner.privateRun(TestRunner.java:794)
at org.testng.TestRunner.run(TestRunner.java:596)
at org.testng.SuiteRunner.runTest(SuiteRunner.java:377)
at org.testng.SuiteRunner.runSequentially(SuiteRunner.java:371)
at org.testng.SuiteRunner.privateRun(SuiteRunner.java:332)
at org.testng.SuiteRunner.run(SuiteRunner.java:276)
at org.testng.SuiteRunnerWorker.runSuite(SuiteRunnerWorker.java:53)
at org.testng.SuiteRunnerWorker.run(SuiteRunnerWorker.java:96)
at org.testng.TestNG.runSuitesSequentially(TestNG.java:1212)
at org.testng.TestNG.runSuitesLocally(TestNG.java:1134)
at org.testng.TestNG.runSuites(TestNG.java:1063)
at org.testng.TestNG.run(TestNG.java:1031)
at org.testng.remote.AbstractRemoteTestNG.run(AbstractRemoteTestNG.java:115)
at org.testng.remote.RemoteTestNG.initAndRun(RemoteTestNG.java:293)
at org.testng.remote.RemoteTestNG.main(RemoteTestNG.java:91)
]]>
            </full-stacktrace>
          </exception> <!-- org.openqa.selenium.UnhandledAlertException -->
          <reporter-output>
          </reporter-output>
        </test-method> <!-- openAccountWithoutCurrency -->
        <test-method signature="openAccountWithoutCurrencyAndCustomerName()[pri:5, instance:com.BankingApp.TestCases.OpenAccountTestCases@fade1fc]" started-at="2024-12-30T09:10:29 SAST" name="openAccountWithoutCurrencyAndCustomerName" finished-at="2024-12-30T09:10:29 SAST" duration-ms="178" status="PASS">
          <reporter-output>
          </reporter-output>
        </test-method> <!-- openAccountWithoutCurrencyAndCustomerName -->
      </class> <!-- com.BankingApp.TestCases.OpenAccountTestCases -->
    </test> <!-- Open Account Test Cases -->
    <test started-at="2024-12-30T09:10:29 SAST" name="Customer List Test Cases" finished-at="2024-12-30T09:10:33 SAST" duration-ms="3675">
      <class name="com.BankingApp.TestCases.CustomersTestCases">
        <test-method is-config="true" signature="goToCustomers()[pri:0, instance:com.BankingApp.TestCases.CustomersTestCases@18920cc]" started-at="2024-12-30T09:10:29 SAST" name="goToCustomers" finished-at="2024-12-30T09:10:29 SAST" duration-ms="229" status="PASS">
          <reporter-output>
          </reporter-output>
        </test-method> <!-- goToCustomers -->
        <test-method signature="deleteCustomer()[pri:0, instance:com.BankingApp.TestCases.CustomersTestCases@18920cc]" started-at="2024-12-30T09:10:29 SAST" name="deleteCustomer" finished-at="2024-12-30T09:10:33 SAST" duration-ms="3325" status="PASS">
          <reporter-output>
          </reporter-output>
        </test-method> <!-- deleteCustomer -->
        <test-method signature="searchCustomer()[pri:1, instance:com.BankingApp.TestCases.CustomersTestCases@18920cc]" started-at="2024-12-30T09:10:33 SAST" name="searchCustomer" finished-at="2024-12-30T09:10:33 SAST" duration-ms="113" status="PASS">
          <reporter-output>
          </reporter-output>
        </test-method> <!-- searchCustomer -->
      </class> <!-- com.BankingApp.TestCases.CustomersTestCases -->
    </test> <!-- Customer List Test Cases -->
    <test started-at="2024-12-30T09:10:33 SAST" name="Customer Login Test Cases" finished-at="2024-12-30T09:10:34 SAST" duration-ms="782">
      <class name="com.BankingApp.TestCases.CustomerLoginTestCases">
        <test-method is-config="true" signature="goToCustomerLogin()[pri:0, instance:com.BankingApp.TestCases.CustomerLoginTestCases@51972dc7]" started-at="2024-12-30T09:10:33 SAST" name="goToCustomerLogin" finished-at="2024-12-30T09:10:33 SAST" duration-ms="142" status="PASS">
          <reporter-output>
          </reporter-output>
        </test-method> <!-- goToCustomerLogin -->
        <test-method signature="loginCustomerName()[pri:0, instance:com.BankingApp.TestCases.CustomerLoginTestCases@51972dc7]" started-at="2024-12-30T09:10:33 SAST" name="loginCustomerName" finished-at="2024-12-30T09:10:34 SAST" duration-ms="635" status="PASS">
          <reporter-output>
          </reporter-output>
        </test-method> <!-- loginCustomerName -->
      </class> <!-- com.BankingApp.TestCases.CustomerLoginTestCases -->
    </test> <!-- Customer Login Test Cases -->
    <test started-at="2024-12-30T09:10:34 SAST" name="Account Test Cases" finished-at="2024-12-30T09:10:37 SAST" duration-ms="3207">
      <class name="com.BankingApp.TestCases.AccountTestCases">
        <test-method is-config="true" signature="setup()[pri:0, instance:com.BankingApp.TestCases.AccountTestCases@48d5f34e]" started-at="2024-12-30T09:10:10 SAST" name="setup" finished-at="2024-12-30T09:10:15 SAST" duration-ms="5881" status="PASS">
          <reporter-output>
          </reporter-output>
        </test-method> <!-- setup -->
        <test-method is-config="true" signature="goToCustomerLogin()[pri:0, instance:com.BankingApp.TestCases.AccountTestCases@48d5f34e]" started-at="2024-12-30T09:10:34 SAST" name="goToCustomerLogin" finished-at="2024-12-30T09:10:34 SAST" duration-ms="308" status="PASS">
          <reporter-output>
          </reporter-output>
        </test-method> <!-- goToCustomerLogin -->
        <test-method signature="verifyDepositSuccessfulMessage()[pri:0, instance:com.BankingApp.TestCases.AccountTestCases@48d5f34e]" started-at="2024-12-30T09:10:34 SAST" name="verifyDepositSuccessfulMessage" finished-at="2024-12-30T09:10:35 SAST" duration-ms="679" status="PASS">
          <reporter-output>
          </reporter-output>
        </test-method> <!-- verifyDepositSuccessfulMessage -->
        <test-method signature="verifyAmountDepositedSuccessfully()[pri:1, instance:com.BankingApp.TestCases.AccountTestCases@48d5f34e]" started-at="2024-12-30T09:10:35 SAST" name="verifyAmountDepositedSuccessfully" finished-at="2024-12-30T09:10:35 SAST" duration-ms="255" status="PASS">
          <reporter-output>
          </reporter-output>
        </test-method> <!-- verifyAmountDepositedSuccessfully -->
        <test-method signature="verifyWithdrawlSuccessfulMessage()[pri:2, instance:com.BankingApp.TestCases.AccountTestCases@48d5f34e]" started-at="2024-12-30T09:10:35 SAST" name="verifyWithdrawlSuccessfulMessage" finished-at="2024-12-30T09:10:36 SAST" duration-ms="1383" status="PASS">
          <reporter-output>
          </reporter-output>
        </test-method> <!-- verifyWithdrawlSuccessfulMessage -->
        <test-method signature="verifyWithdrawlAmountMoreThanBalance()[pri:3, instance:com.BankingApp.TestCases.AccountTestCases@48d5f34e]" started-at="2024-12-30T09:10:36 SAST" name="verifyWithdrawlAmountMoreThanBalance" finished-at="2024-12-30T09:10:37 SAST" duration-ms="209" status="FAIL">
          <exception class="java.lang.AssertionError">
            <message>
              <![CDATA[The following asserts failed:
expected [Transaction Failed. You can not withdraw amount more than the balance.] but found [Transaction successful]]]>
            </message>
            <full-stacktrace>
              <![CDATA[java.lang.AssertionError: The following asserts failed:
expected [Transaction Failed. You can not withdraw amount more than the balance.] but found [Transaction successful]
at org.testng.asserts.SoftAssert.assertAll(SoftAssert.java:47)
at org.testng.asserts.SoftAssert.assertAll(SoftAssert.java:31)
at com.BankingApp.TestCases.AccountTestCases.verifyWithdrawlAmountMoreThanBalance(AccountTestCases.java:143)
at java.base/jdk.internal.reflect.DirectMethodHandleAccessor.invoke(DirectMethodHandleAccessor.java:103)
at java.base/java.lang.reflect.Method.invoke(Method.java:580)
at org.testng.internal.MethodInvocationHelper.invokeMethod(MethodInvocationHelper.java:133)
at org.testng.internal.TestInvoker.invokeMethod(TestInvoker.java:598)
at org.testng.internal.TestInvoker.invokeTestMethod(TestInvoker.java:173)
at org.testng.internal.MethodRunner.runInSequence(MethodRunner.java:46)
at org.testng.internal.TestInvoker$MethodInvocationAgent.invoke(TestInvoker.java:824)
at org.testng.internal.TestInvoker.invokeTestMethods(TestInvoker.java:146)
at org.testng.internal.TestMethodWorker.invokeTestMethods(TestMethodWorker.java:146)
at org.testng.internal.TestMethodWorker.run(TestMethodWorker.java:128)
at java.base/java.util.ArrayList.forEach(ArrayList.java:1597)
at org.testng.TestRunner.privateRun(TestRunner.java:794)
at org.testng.TestRunner.run(TestRunner.java:596)
at org.testng.SuiteRunner.runTest(SuiteRunner.java:377)
at org.testng.SuiteRunner.runSequentially(SuiteRunner.java:371)
at org.testng.SuiteRunner.privateRun(SuiteRunner.java:332)
at org.testng.SuiteRunner.run(SuiteRunner.java:276)
at org.testng.SuiteRunnerWorker.runSuite(SuiteRunnerWorker.java:53)
at org.testng.SuiteRunnerWorker.run(SuiteRunnerWorker.java:96)
at org.testng.TestNG.runSuitesSequentially(TestNG.java:1212)
at org.testng.TestNG.runSuitesLocally(TestNG.java:1134)
at org.testng.TestNG.runSuites(TestNG.java:1063)
at org.testng.TestNG.run(TestNG.java:1031)
at org.testng.remote.AbstractRemoteTestNG.run(AbstractRemoteTestNG.java:115)
at org.testng.remote.RemoteTestNG.initAndRun(RemoteTestNG.java:293)
at org.testng.remote.RemoteTestNG.main(RemoteTestNG.java:91)
]]>
            </full-stacktrace>
          </exception> <!-- java.lang.AssertionError -->
          <reporter-output>
          </reporter-output>
        </test-method> <!-- verifyWithdrawlAmountMoreThanBalance -->
        <test-method signature="verifyAmountwithdrawnSuccessfully()[pri:4, instance:com.BankingApp.TestCases.AccountTestCases@48d5f34e]" started-at="2024-12-30T09:10:37 SAST" name="verifyAmountwithdrawnSuccessfully" finished-at="2024-12-30T09:10:37 SAST" duration-ms="248" status="PASS">
          <reporter-output>
          </reporter-output>
        </test-method> <!-- verifyAmountwithdrawnSuccessfully -->
      </class> <!-- com.BankingApp.TestCases.AccountTestCases -->
    </test> <!-- Account Test Cases -->
  </suite> <!-- Suite -->
</testng-results>
